2024-03-30 01:05:34,262 INFO [main] c.e.s.SpringBootserviceApplication [StartupInfoLogger.java:50] - Starting SpringBootserviceApplication using Java 17.0.10 with PID 16708 (F:\springbootservice\target\classes started by 相思难忘别时泪 in F:\springbootservice)
2024-03-30 01:05:34,265 INFO [main] c.e.s.SpringBootserviceApplication [SpringApplication.java:654] - No active profile set, falling back to 1 default profile: "default"
2024-03-30 01:05:34,760 ERROR [main] o.a.c.core.AprLifecycleListener [DirectJDKLog.java:173] - An incompatible version [1.2.21] of the Apache Tomcat Native library is installed, while Tomcat requires version [1.2.34]
2024-03-30 01:05:34,918 INFO [main] o.s.b.w.e.tomcat.TomcatWebServer [TomcatWebServer.java:109] - Tomcat initialized with port 8081 (http)
2024-03-30 01:05:34,929 INFO [main] o.a.coyote.http11.Http11NioProtocol [DirectJDKLog.java:173] - Initializing ProtocolHandler ["http-nio-8081"]
2024-03-30 01:05:34,931 INFO [main] o.a.catalina.core.StandardService [DirectJDKLog.java:173] - Starting service [Tomcat]
2024-03-30 01:05:34,931 INFO [main] o.a.catalina.core.StandardEngine [DirectJDKLog.java:173] - Starting Servlet engine: [Apache Tomcat/10.1.19]
2024-03-30 01:05:34,973 INFO [main] o.a.c.c.C.[Tomcat].[localhost].[/] [DirectJDKLog.java:173] - Initializing Spring embedded WebApplicationContext
2024-03-30 01:05:34,974 INFO [main] o.s.b.w.s.c.ServletWebServerApplicationContext [ServletWebServerApplicationContext.java:296] - Root WebApplicationContext: initialization completed in 678 ms
2024-03-30 01:05:35,221 INFO [main] o.a.coyote.http11.Http11NioProtocol [DirectJDKLog.java:173] - Starting ProtocolHandler ["http-nio-8081"]
2024-03-30 01:05:35,234 INFO [main] o.s.b.w.e.tomcat.TomcatWebServer [TomcatWebServer.java:241] - Tomcat started on port 8081 (http) with context path ''
2024-03-30 01:05:35,240 INFO [main] c.e.s.SpringBootserviceApplication [StartupInfoLogger.java:56] - Started SpringBootserviceApplication in 1.372 seconds (process running for 1.798)
2024-03-30 01:05:58,455 INFO [http-nio-8081-exec-1] o.a.c.c.C.[Tomcat].[localhost].[/] [DirectJDKLog.java:173] - Initializing Spring DispatcherServlet 'dispatcherServlet'
2024-03-30 01:05:58,455 INFO [http-nio-8081-exec-1] o.s.web.servlet.DispatcherServlet [FrameworkServlet.java:532] - Initializing Servlet 'dispatcherServlet'
2024-03-30 01:05:58,456 INFO [http-nio-8081-exec-1] o.s.web.servlet.DispatcherServlet [FrameworkServlet.java:554] - Completed initialization in 0 ms
2024-03-30 01:05:58,523 INFO [http-nio-8081-exec-1] c.e.s.control.LoginControl [LoginControl.java:26] - 日志打印sunhang
2024-03-30 01:15:32,077 INFO [main] c.e.s.SpringBootserviceApplication [StartupInfoLogger.java:50] - Starting SpringBootserviceApplication using Java 17.0.10 with PID 24408 (F:\springbootservice\target\classes started by 相思难忘别时泪 in F:\springbootservice)
2024-03-30 01:15:32,079 INFO [main] c.e.s.SpringBootserviceApplication [SpringApplication.java:654] - No active profile set, falling back to 1 default profile: "default"
2024-03-30 01:15:32,568 ERROR [main] o.a.c.core.AprLifecycleListener [DirectJDKLog.java:173] - An incompatible version [1.2.21] of the Apache Tomcat Native library is installed, while Tomcat requires version [1.2.34]
2024-03-30 01:15:32,717 INFO [main] o.s.b.w.e.tomcat.TomcatWebServer [TomcatWebServer.java:109] - Tomcat initialized with port 8081 (http)
2024-03-30 01:15:32,725 INFO [main] o.a.coyote.http11.Http11NioProtocol [DirectJDKLog.java:173] - Initializing ProtocolHandler ["http-nio-8081"]
2024-03-30 01:15:32,727 INFO [main] o.a.catalina.core.StandardService [DirectJDKLog.java:173] - Starting service [Tomcat]
2024-03-30 01:15:32,728 INFO [main] o.a.catalina.core.StandardEngine [DirectJDKLog.java:173] - Starting Servlet engine: [Apache Tomcat/10.1.19]
2024-03-30 01:15:32,779 INFO [main] o.a.c.c.C.[Tomcat].[localhost].[/] [DirectJDKLog.java:173] - Initializing Spring embedded WebApplicationContext
2024-03-30 01:15:32,779 INFO [main] o.s.b.w.s.c.ServletWebServerApplicationContext [ServletWebServerApplicationContext.java:296] - Root WebApplicationContext: initialization completed in 669 ms
2024-03-30 01:15:33,007 INFO [main] o.a.coyote.http11.Http11NioProtocol [DirectJDKLog.java:173] - Starting ProtocolHandler ["http-nio-8081"]
2024-03-30 01:15:33,020 INFO [main] o.s.b.w.e.tomcat.TomcatWebServer [TomcatWebServer.java:241] - Tomcat started on port 8081 (http) with context path ''
2024-03-30 01:15:33,027 INFO [main] c.e.s.SpringBootserviceApplication [StartupInfoLogger.java:56] - Started SpringBootserviceApplication in 1.339 seconds (process running for 1.81)
2024-03-30 01:28:02,459 INFO [main] c.e.s.SpringBootserviceApplication [StartupInfoLogger.java:50] - Starting SpringBootserviceApplication using Java 17.0.10 with PID 19164 (F:\springbootservice\target\classes started by 相思难忘别时泪 in F:\springbootservice)
2024-03-30 01:28:02,461 INFO [main] c.e.s.SpringBootserviceApplication [SpringApplication.java:654] - No active profile set, falling back to 1 default profile: "default"
2024-03-30 01:28:03,093 INFO [main] o.s.b.w.e.tomcat.TomcatWebServer [TomcatWebServer.java:109] - Tomcat initialized with port 8081 (http)
2024-03-30 01:28:03,095 INFO [main] o.a.c.core.AprLifecycleListener [DirectJDKLog.java:173] - An older version [1.2.34] of the Apache Tomcat Native library is installed, while Tomcat recommends a minimum version of [2.0.5]
2024-03-30 01:28:03,096 INFO [main] o.a.c.core.AprLifecycleListener [DirectJDKLog.java:173] - Loaded Apache Tomcat Native library [1.2.34] using APR version [1.7.0].
2024-03-30 01:28:03,099 INFO [main] o.a.c.core.AprLifecycleListener [DirectJDKLog.java:173] - OpenSSL successfully initialized [OpenSSL 1.1.1o  3 May 2022]
2024-03-30 01:28:03,105 INFO [main] o.a.coyote.http11.Http11NioProtocol [DirectJDKLog.java:173] - Initializing ProtocolHandler ["http-nio-8081"]
2024-03-30 01:28:03,106 INFO [main] o.a.catalina.core.StandardService [DirectJDKLog.java:173] - Starting service [Tomcat]
2024-03-30 01:28:03,107 INFO [main] o.a.catalina.core.StandardEngine [DirectJDKLog.java:173] - Starting Servlet engine: [Apache Tomcat/10.1.19]
2024-03-30 01:28:03,151 INFO [main] o.a.c.c.C.[Tomcat].[localhost].[/] [DirectJDKLog.java:173] - Initializing Spring embedded WebApplicationContext
2024-03-30 01:28:03,152 INFO [main] o.s.b.w.s.c.ServletWebServerApplicationContext [ServletWebServerApplicationContext.java:296] - Root WebApplicationContext: initialization completed in 660 ms
2024-03-30 01:28:03,383 INFO [main] o.a.coyote.http11.Http11NioProtocol [DirectJDKLog.java:173] - Starting ProtocolHandler ["http-nio-8081"]
2024-03-30 01:28:03,397 INFO [main] o.s.b.w.e.tomcat.TomcatWebServer [TomcatWebServer.java:241] - Tomcat started on port 8081 (http) with context path ''
2024-03-30 01:28:03,403 INFO [main] c.e.s.SpringBootserviceApplication [StartupInfoLogger.java:56] - Started SpringBootserviceApplication in 1.32 seconds (process running for 1.74)
2024-03-30 01:28:38,114 INFO [http-nio-8081-exec-1] o.a.c.c.C.[Tomcat].[localhost].[/] [DirectJDKLog.java:173] - Initializing Spring DispatcherServlet 'dispatcherServlet'
2024-03-30 01:28:38,115 INFO [http-nio-8081-exec-1] o.s.web.servlet.DispatcherServlet [FrameworkServlet.java:532] - Initializing Servlet 'dispatcherServlet'
2024-03-30 01:28:38,116 INFO [http-nio-8081-exec-1] o.s.web.servlet.DispatcherServlet [FrameworkServlet.java:554] - Completed initialization in 1 ms
2024-03-30 01:28:38,191 INFO [http-nio-8081-exec-1] c.e.s.control.LoginControl [LoginControl.java:26] - 日志打印sunhang
