2024-04-06 19:12:12,655 INFO [] [background-preinit] o.h.validator.internal.util.Version [Version.java:21] - HV000001: Hibernate Validator 8.0.1.Final
2024-04-06 19:12:12,696 INFO [] [main] c.e.s.SpringBootserviceApplication [StartupInfoLogger.java:50] - Starting SpringBootserviceApplication using Java 17.0.10 with PID 4596 (F:\springbootservice\target\classes started by 相思难忘别时泪 in F:\springbootservice)
2024-04-06 19:12:12,697 INFO [] [main] c.e.s.SpringBootserviceApplication [SpringApplication.java:660] - The following 1 profile is active: "dev"
2024-04-06 19:12:13,434 INFO [] [main] o.s.d.r.c.RepositoryConfigurationDelegate [RepositoryConfigurationDelegate.java:292] - Multiple Spring Data modules found, entering strict repository configuration mode
2024-04-06 19:12:13,436 INFO [] [main] o.s.d.r.c.RepositoryConfigurationDelegate [RepositoryConfigurationDelegate.java:139] - Bootstrapping Spring Data Redis repositories in DEFAULT mode.
2024-04-06 19:12:13,454 INFO [] [main] o.s.d.r.c.RepositoryConfigurationDelegate [RepositoryConfigurationDelegate.java:208] - Finished Spring Data repository scanning in 6 ms. Found 0 Redis repository interfaces.
2024-04-06 19:12:13,600 INFO [] [main] o.s.cloud.context.scope.GenericScope [GenericScope.java:282] - BeanFactory id=ca64067d-808f-305b-8345-54fa2cc1a793
2024-04-06 19:12:13,945 INFO [] [main] o.s.b.w.e.tomcat.TomcatWebServer [TomcatWebServer.java:109] - Tomcat initialized with port 8080 (http)
2024-04-06 19:12:13,948 INFO [] [main] o.a.c.core.AprLifecycleListener [DirectJDKLog.java:173] - An older version [1.2.34] of the Apache Tomcat Native library is installed, while Tomcat recommends a minimum version of [2.0.5]
2024-04-06 19:12:13,948 INFO [] [main] o.a.c.core.AprLifecycleListener [DirectJDKLog.java:173] - Loaded Apache Tomcat Native library [1.2.34] using APR version [1.7.0].
2024-04-06 19:12:13,950 INFO [] [main] o.a.c.core.AprLifecycleListener [DirectJDKLog.java:173] - OpenSSL successfully initialized [OpenSSL 1.1.1o  3 May 2022]
2024-04-06 19:12:13,956 INFO [] [main] o.a.coyote.http11.Http11NioProtocol [DirectJDKLog.java:173] - Initializing ProtocolHandler ["http-nio-8080"]
2024-04-06 19:12:13,958 INFO [] [main] o.a.catalina.core.StandardService [DirectJDKLog.java:173] - Starting service [Tomcat]
2024-04-06 19:12:13,958 INFO [] [main] o.a.catalina.core.StandardEngine [DirectJDKLog.java:173] - Starting Servlet engine: [Apache Tomcat/10.1.19]
2024-04-06 19:12:14,005 INFO [] [main] o.a.c.c.C.[Tomcat].[localhost].[/] [DirectJDKLog.java:173] - Initializing Spring embedded WebApplicationContext
2024-04-06 19:12:14,006 INFO [] [main] o.s.b.w.s.c.ServletWebServerApplicationContext [ServletWebServerApplicationContext.java:296] - Root WebApplicationContext: initialization completed in 1277 ms
2024-04-06 19:12:14,112 INFO [] [main] c.e.s.filter.TraceIdFilter [TraceIdFilter.java:26] - init trace filter..
2024-04-06 19:12:14,474 WARN [] [main] o.s.b.w.s.c.AnnotationConfigServletWebServerApplicationContext [AbstractApplicationContext.java:632] - Exception encountered during context initialization - cancelling refresh attempt: org.springframework.beans.factory.BeanCreationException: Error creating bean with name 'userController': Injection of autowired dependencies failed
2024-04-06 19:12:14,485 INFO [] [main] o.a.catalina.core.StandardService [DirectJDKLog.java:173] - Stopping service [Tomcat]
2024-04-06 19:12:14,501 INFO [] [main] o.s.b.a.l.ConditionEvaluationReportLogger [ConditionEvaluationReportLogger.java:82] - 

Error starting ApplicationContext. To display the condition evaluation report re-run your application with 'debug' enabled.
2024-04-06 19:12:14,514 ERROR [] [main] o.s.boot.SpringApplication [SpringApplication.java:851] - Application run failed
org.springframework.beans.factory.BeanCreationException: Error creating bean with name 'userController': Injection of autowired dependencies failed
	at org.springframework.beans.factory.annotation.AutowiredAnnotationBeanPostProcessor.postProcessProperties(AutowiredAnnotationBeanPostProcessor.java:514)
	at org.springframework.beans.factory.support.AbstractAutowireCapableBeanFactory.populateBean(AbstractAutowireCapableBeanFactory.java:1419)
	at org.springframework.beans.factory.support.AbstractAutowireCapableBeanFactory.doCreateBean(AbstractAutowireCapableBeanFactory.java:599)
	at org.springframework.beans.factory.support.AbstractAutowireCapableBeanFactory.createBean(AbstractAutowireCapableBeanFactory.java:522)
	at org.springframework.beans.factory.support.AbstractBeanFactory.lambda$doGetBean$0(AbstractBeanFactory.java:326)
	at org.springframework.beans.factory.support.DefaultSingletonBeanRegistry.getSingleton(DefaultSingletonBeanRegistry.java:234)
	at org.springframework.beans.factory.support.AbstractBeanFactory.doGetBean(AbstractBeanFactory.java:324)
	at org.springframework.beans.factory.support.AbstractBeanFactory.getBean(AbstractBeanFactory.java:200)
	at org.springframework.beans.factory.support.DefaultListableBeanFactory.preInstantiateSingletons(DefaultListableBeanFactory.java:975)
	at org.springframework.context.support.AbstractApplicationContext.finishBeanFactoryInitialization(AbstractApplicationContext.java:962)
	at org.springframework.context.support.AbstractApplicationContext.refresh(AbstractApplicationContext.java:624)
	at org.springframework.boot.web.servlet.context.ServletWebServerApplicationContext.refresh(ServletWebServerApplicationContext.java:146)
	at org.springframework.boot.SpringApplication.refresh(SpringApplication.java:754)
	at org.springframework.boot.SpringApplication.refreshContext(SpringApplication.java:456)
	at org.springframework.boot.SpringApplication.run(SpringApplication.java:334)
	at org.springframework.boot.SpringApplication.run(SpringApplication.java:1354)
	at org.springframework.boot.SpringApplication.run(SpringApplication.java:1343)
	at com.example.springbootservice.SpringBootserviceApplication.main(SpringBootserviceApplication.java:11)
Caused by: java.lang.IllegalArgumentException: Could not resolve placeholder 'start.time' in value "${start.time}"
	at org.springframework.util.PropertyPlaceholderHelper.parseStringValue(PropertyPlaceholderHelper.java:180)
	at org.springframework.util.PropertyPlaceholderHelper.replacePlaceholders(PropertyPlaceholderHelper.java:126)
	at org.springframework.core.env.AbstractPropertyResolver.doResolvePlaceholders(AbstractPropertyResolver.java:239)
	at org.springframework.core.env.AbstractPropertyResolver.resolveRequiredPlaceholders(AbstractPropertyResolver.java:210)
	at org.springframework.context.support.PropertySourcesPlaceholderConfigurer.lambda$processProperties$0(PropertySourcesPlaceholderConfigurer.java:200)
	at org.springframework.beans.factory.support.AbstractBeanFactory.resolveEmbeddedValue(AbstractBeanFactory.java:922)
	at org.springframework.beans.factory.support.DefaultListableBeanFactory.doResolveDependency(DefaultListableBeanFactory.java:1374)
	at org.springframework.beans.factory.support.DefaultListableBeanFactory.resolveDependency(DefaultListableBeanFactory.java:1353)
	at org.springframework.beans.factory.annotation.AutowiredAnnotationBeanPostProcessor$AutowiredFieldElement.resolveFieldValue(AutowiredAnnotationBeanPostProcessor.java:784)
	at org.springframework.beans.factory.annotation.AutowiredAnnotationBeanPostProcessor$AutowiredFieldElement.inject(AutowiredAnnotationBeanPostProcessor.java:767)
	at org.springframework.beans.factory.annotation.InjectionMetadata.inject(InjectionMetadata.java:145)
	at org.springframework.beans.factory.annotation.AutowiredAnnotationBeanPostProcessor.postProcessProperties(AutowiredAnnotationBeanPostProcessor.java:508)
	... 17 common frames omitted
